2014/04/17 17:10:56 [error] [php] mkdir(): File exists (C:\wamp\www\yii\framework\utils\CFileHelper.php:307)
Stack trace:
#0 C:\wamp\www\yii\framework\web\CAssetManager.php(251): copyDirectory()
#1 C:\wamp\www\yii\framework\web\CClientScript.php(510): CAssetManager->publish()
#2 C:\wamp\www\yii\framework\web\CClientScript.php(547): CClientScript->getCoreScriptUrl()
#3 C:\wamp\www\yii\framework\web\CClientScript.php(348): CClientScript->getPackageBaseUrl()
#4 C:\wamp\www\yii\framework\web\CClientScript.php(208): CClientScript->renderCoreScripts()
#5 C:\wamp\www\yii\framework\web\CController.php(351): CClientScript->render()
#6 C:\wamp\www\yii\framework\web\CController.php(788): PostController->processOutput()
#7 C:\wamp\www\yii\demos\blog\protected\controllers\PostController.php(136): PostController->render()
#8 C:\wamp\www\yii\framework\web\actions\CInlineAction.php(49): PostController->actionIndex()
#9 C:\wamp\www\yii\framework\web\CController.php(308): CInlineAction->runWithParams()
#10 C:\wamp\www\yii\framework\web\filters\CFilterChain.php(133): PostController->runAction()
#11 C:\wamp\www\yii\framework\web\filters\CFilter.php(40): CFilterChain->run()
#12 C:\wamp\www\yii\framework\web\CController.php(1145): CAccessControlFilter->filter()
#13 C:\wamp\www\yii\framework\web\filters\CInlineFilter.php(58): PostController->filterAccessControl()
#14 C:\wamp\www\yii\framework\web\filters\CFilterChain.php(130): CInlineFilter->filter()
#15 C:\wamp\www\yii\framework\web\CController.php(291): CFilterChain->run()
#16 C:\wamp\www\yii\framework\web\CController.php(265): PostController->runActionWithFilters()
#17 C:\wamp\www\yii\framework\web\CWebApplication.php(282): PostController->run()
#18 C:\wamp\www\yii\framework\web\CWebApplication.php(141): CWebApplication->runController()
#19 C:\wamp\www\yii\framework\base\CApplication.php(180): CWebApplication->processRequest()
#20 C:\wamp\www\yii\demos\blog\index.php(11): CWebApplication->run()
REQUEST_URI=/yii/demos/blog/
